2025/02/09 08:25:33 INFO  [restartedMain] - Starting AwsSampleApplication using Java 17.0.8.1 on DESKTOP-RULUNF3 with PID 4172 (E:\github\springboot-aws-sample\chapter-11-RDS\11-2\aws-sample\target\classes started by cruru in E:\github\springboot-aws-sample\chapter-11-RDS\11-2\aws-sample)
2025/02/09 08:25:33 INFO  [restartedMain] - The following 1 profile is active: "local"
2025/02/09 08:25:33 INFO  [restartedMain] - Devtools property defaults active! Set 'spring.devtools.add-properties' to 'false' to disable
2025/02/09 08:25:33 INFO  [restartedMain] - For additional web related logging consider setting the 'logging.level.web' property to 'DEBUG'
2025/02/09 08:25:42 INFO  [restartedMain] - Multiple Spring Data modules found, entering strict repository configuration mode
2025/02/09 08:25:42 INFO  [restartedMain] - Bootstrapping Spring Data JDBC repositories in DEFAULT mode.
2025/02/09 08:25:42 INFO  [restartedMain] - Spring Data JDBC - Could not safely identify store assignment for repository candidate interface com.example.repository.AdminUserRepository; If you want this repository to be a JDBC repository, consider annotating your entities with one of these annotations: org.springframework.data.relational.core.mapping.Table.
2025/02/09 08:25:42 INFO  [restartedMain] - Spring Data JDBC - Could not safely identify store assignment for repository candidate interface com.example.repository.AttachedFileRepository; If you want this repository to be a JDBC repository, consider annotating your entities with one of these annotations: org.springframework.data.relational.core.mapping.Table.
2025/02/09 08:25:42 INFO  [restartedMain] - Spring Data JDBC - Could not safely identify store assignment for repository candidate interface com.example.repository.BusinessHourRepository; If you want this repository to be a JDBC repository, consider annotating your entities with one of these annotations: org.springframework.data.relational.core.mapping.Table.
2025/02/09 08:25:42 INFO  [restartedMain] - Spring Data JDBC - Could not safely identify store assignment for repository candidate interface com.example.repository.FacilityRepository; If you want this repository to be a JDBC repository, consider annotating your entities with one of these annotations: org.springframework.data.relational.core.mapping.Table.
2025/02/09 08:25:42 INFO  [restartedMain] - Spring Data JDBC - Could not safely identify store assignment for repository candidate interface com.example.repository.MailCodeRepository; If you want this repository to be a JDBC repository, consider annotating your entities with one of these annotations: org.springframework.data.relational.core.mapping.Table.
2025/02/09 08:25:42 INFO  [restartedMain] - Spring Data JDBC - Could not safely identify store assignment for repository candidate interface com.example.repository.MemberRepository; If you want this repository to be a JDBC repository, consider annotating your entities with one of these annotations: org.springframework.data.relational.core.mapping.Table.
2025/02/09 08:25:42 INFO  [restartedMain] - Spring Data JDBC - Could not safely identify store assignment for repository candidate interface com.example.repository.PermissionHourRepository; If you want this repository to be a JDBC repository, consider annotating your entities with one of these annotations: org.springframework.data.relational.core.mapping.Table.
2025/02/09 08:25:42 INFO  [restartedMain] - Spring Data JDBC - Could not safely identify store assignment for repository candidate interface com.example.repository.ReservationRepository; If you want this repository to be a JDBC repository, consider annotating your entities with one of these annotations: org.springframework.data.relational.core.mapping.Table.
2025/02/09 08:25:42 INFO  [restartedMain] - Spring Data JDBC - Could not safely identify store assignment for repository candidate interface com.example.repository.SessionIdRepository; If you want this repository to be a JDBC repository, consider annotating your entities with one of these annotations: org.springframework.data.relational.core.mapping.Table.
2025/02/09 08:25:42 INFO  [restartedMain] - Spring Data JDBC - Could not safely identify store assignment for repository candidate interface com.example.repository.TemporaryBusinessRepository; If you want this repository to be a JDBC repository, consider annotating your entities with one of these annotations: org.springframework.data.relational.core.mapping.Table.
2025/02/09 08:25:42 INFO  [restartedMain] - Finished Spring Data repository scanning in 39 ms. Found 0 JDBC repository interfaces.
2025/02/09 08:25:42 INFO  [restartedMain] - Multiple Spring Data modules found, entering strict repository configuration mode
2025/02/09 08:25:42 INFO  [restartedMain] - Bootstrapping Spring Data JPA repositories in DEFAULT mode.
2025/02/09 08:25:42 INFO  [restartedMain] - Finished Spring Data repository scanning in 30 ms. Found 10 JPA repository interfaces.
2025/02/09 08:25:51 INFO  [restartedMain] - BeanFactory id=7817f335-9760-36a0-9681-884b97e0ffbb
2025/02/09 08:25:51 INFO  [restartedMain] - Bean 'credentialsProvider' of type [com.amazonaws.auth.DefaultAWSCredentialsProviderChain] is not eligible for getting processed by all BeanPostProcessors (for example: not eligible for auto-proxying)
2025/02/09 08:25:52 INFO  [restartedMain] - Tomcat initialized with port(s): 8080 (http) 8009 (http)
2025/02/09 08:25:52 INFO  [restartedMain] - Initializing ProtocolHandler ["ajp-nio-127.0.0.1-8009"]
2025/02/09 08:25:52 INFO  [restartedMain] - Starting service [Tomcat]
2025/02/09 08:25:52 INFO  [restartedMain] - Starting Servlet engine: [Apache Tomcat/9.0.64]
2025/02/09 08:25:52 INFO  [restartedMain] - Initializing Spring embedded WebApplicationContext
2025/02/09 08:25:52 INFO  [restartedMain] - Root WebApplicationContext: initialization completed in 18557 ms
2025/02/09 08:25:52 INFO  [restartedMain] - HikariPool-1 - Starting...
2025/02/09 08:25:52 INFO  [restartedMain] - HikariPool-1 - Start completed.
2025/02/09 08:25:52 INFO  [restartedMain] - HHH000204: Processing PersistenceUnitInfo [name: default]
2025/02/09 08:25:53 INFO  [restartedMain] - HHH000412: Hibernate ORM core version 5.6.9.Final
2025/02/09 08:25:53 INFO  [restartedMain] - HCANN000001: Hibernate Commons Annotations {5.1.2.Final}
2025/02/09 08:25:53 INFO  [restartedMain] - HHH000400: Using dialect: org.hibernate.dialect.MySQL8Dialect
2025/02/09 08:25:53 INFO  [restartedMain] - HHH000490: Using JtaPlatform implementation: [org.hibernate.engine.transaction.jta.platform.internal.NoJtaPlatform]
2025/02/09 08:25:53 INFO  [restartedMain] - Initialized JPA EntityManagerFactory for persistence unit 'default'
2025/02/09 08:25:54 INFO  [restartedMain] - Will secure any request with [org.springframework.security.web.session.DisableEncodeUrlFilter@1201438b, org.springframework.security.web.context.request.async.WebAsyncManagerIntegrationFilter@67fd60cb, org.springframework.security.web.context.SecurityContextPersistenceFilter@3081ede4, org.springframework.security.web.header.HeaderWriterFilter@6c59dac2, org.springframework.security.web.csrf.CsrfFilter@6850d976, org.springframework.security.web.authentication.logout.LogoutFilter@55eacd2c, org.springframework.security.web.authentication.UsernamePasswordAuthenticationFilter@62e88be6, org.springframework.security.web.savedrequest.RequestCacheAwareFilter@ec5b034, org.springframework.security.web.servletapi.SecurityContextHolderAwareRequestFilter@1f9b40b1, org.springframework.security.web.authentication.rememberme.RememberMeAuthenticationFilter@68c22a7, org.springframework.security.web.authentication.AnonymousAuthenticationFilter@83ef89, org.springframework.security.web.session.SessionManagementFilter@a341acf, org.springframework.security.web.access.ExceptionTranslationFilter@718c9229, org.springframework.security.web.access.intercept.AuthorizationFilter@1dc5fd77]
2025/02/09 08:25:55 INFO  [restartedMain] - LiveReload server is running on port 35729
2025/02/09 08:25:55 INFO  [restartedMain] - Starting ProtocolHandler ["ajp-nio-127.0.0.1-8009"]
2025/02/09 08:25:55 INFO  [restartedMain] - Tomcat started on port(s): 8080 (http) 8009 (http) with context path '/aws-sample'
2025/02/09 08:25:55 INFO  [restartedMain] - Started AwsSampleApplication in 22.563 seconds (JVM running for 23.414)
2025/02/09 08:26:12 INFO  [RMI TCP Connection(2)-127.0.0.1] - Application shutdown requested.
2025/02/09 08:26:12 INFO  [RMI TCP Connection(2)-127.0.0.1] - Closing JPA EntityManagerFactory for persistence unit 'default'
2025/02/09 08:26:12 INFO  [RMI TCP Connection(2)-127.0.0.1] - HikariPool-1 - Shutdown initiated...
2025/02/09 08:26:12 INFO  [RMI TCP Connection(2)-127.0.0.1] - HikariPool-1 - Shutdown completed.
2025/02/09 08:28:25 INFO  [restartedMain] - Starting AwsSampleApplication using Java 17.0.8.1 on DESKTOP-RULUNF3 with PID 24180 (E:\github\springboot-aws-sample\chapter-11-RDS\11-2\aws-sample\target\classes started by cruru in E:\github\springboot-aws-sample\chapter-11-RDS\11-2\aws-sample)
2025/02/09 08:28:25 INFO  [restartedMain] - The following 1 profile is active: "local"
2025/02/09 08:28:25 INFO  [restartedMain] - Devtools property defaults active! Set 'spring.devtools.add-properties' to 'false' to disable
2025/02/09 08:28:25 INFO  [restartedMain] - For additional web related logging consider setting the 'logging.level.web' property to 'DEBUG'
2025/02/09 08:28:34 INFO  [restartedMain] - Multiple Spring Data modules found, entering strict repository configuration mode
2025/02/09 08:28:34 INFO  [restartedMain] - Bootstrapping Spring Data JDBC repositories in DEFAULT mode.
2025/02/09 08:28:34 INFO  [restartedMain] - Spring Data JDBC - Could not safely identify store assignment for repository candidate interface com.example.repository.AdminUserRepository; If you want this repository to be a JDBC repository, consider annotating your entities with one of these annotations: org.springframework.data.relational.core.mapping.Table.
2025/02/09 08:28:34 INFO  [restartedMain] - Spring Data JDBC - Could not safely identify store assignment for repository candidate interface com.example.repository.AttachedFileRepository; If you want this repository to be a JDBC repository, consider annotating your entities with one of these annotations: org.springframework.data.relational.core.mapping.Table.
2025/02/09 08:28:34 INFO  [restartedMain] - Spring Data JDBC - Could not safely identify store assignment for repository candidate interface com.example.repository.BusinessHourRepository; If you want this repository to be a JDBC repository, consider annotating your entities with one of these annotations: org.springframework.data.relational.core.mapping.Table.
2025/02/09 08:28:35 INFO  [restartedMain] - Spring Data JDBC - Could not safely identify store assignment for repository candidate interface com.example.repository.FacilityRepository; If you want this repository to be a JDBC repository, consider annotating your entities with one of these annotations: org.springframework.data.relational.core.mapping.Table.
2025/02/09 08:28:35 INFO  [restartedMain] - Spring Data JDBC - Could not safely identify store assignment for repository candidate interface com.example.repository.MailCodeRepository; If you want this repository to be a JDBC repository, consider annotating your entities with one of these annotations: org.springframework.data.relational.core.mapping.Table.
2025/02/09 08:28:35 INFO  [restartedMain] - Spring Data JDBC - Could not safely identify store assignment for repository candidate interface com.example.repository.MemberRepository; If you want this repository to be a JDBC repository, consider annotating your entities with one of these annotations: org.springframework.data.relational.core.mapping.Table.
2025/02/09 08:28:35 INFO  [restartedMain] - Spring Data JDBC - Could not safely identify store assignment for repository candidate interface com.example.repository.PermissionHourRepository; If you want this repository to be a JDBC repository, consider annotating your entities with one of these annotations: org.springframework.data.relational.core.mapping.Table.
2025/02/09 08:28:35 INFO  [restartedMain] - Spring Data JDBC - Could not safely identify store assignment for repository candidate interface com.example.repository.ReservationRepository; If you want this repository to be a JDBC repository, consider annotating your entities with one of these annotations: org.springframework.data.relational.core.mapping.Table.
2025/02/09 08:28:35 INFO  [restartedMain] - Spring Data JDBC - Could not safely identify store assignment for repository candidate interface com.example.repository.SessionIdRepository; If you want this repository to be a JDBC repository, consider annotating your entities with one of these annotations: org.springframework.data.relational.core.mapping.Table.
2025/02/09 08:28:35 INFO  [restartedMain] - Spring Data JDBC - Could not safely identify store assignment for repository candidate interface com.example.repository.TemporaryBusinessRepository; If you want this repository to be a JDBC repository, consider annotating your entities with one of these annotations: org.springframework.data.relational.core.mapping.Table.
2025/02/09 08:28:35 INFO  [restartedMain] - Finished Spring Data repository scanning in 36 ms. Found 0 JDBC repository interfaces.
2025/02/09 08:28:35 INFO  [restartedMain] - Multiple Spring Data modules found, entering strict repository configuration mode
2025/02/09 08:28:35 INFO  [restartedMain] - Bootstrapping Spring Data JPA repositories in DEFAULT mode.
2025/02/09 08:28:35 INFO  [restartedMain] - Finished Spring Data repository scanning in 30 ms. Found 10 JPA repository interfaces.
2025/02/09 08:28:43 INFO  [restartedMain] - BeanFactory id=7817f335-9760-36a0-9681-884b97e0ffbb
2025/02/09 08:28:43 INFO  [restartedMain] - Bean 'credentialsProvider' of type [com.amazonaws.auth.DefaultAWSCredentialsProviderChain] is not eligible for getting processed by all BeanPostProcessors (for example: not eligible for auto-proxying)
2025/02/09 08:28:44 INFO  [restartedMain] - Tomcat initialized with port(s): 8080 (http) 8009 (http)
2025/02/09 08:28:44 INFO  [restartedMain] - Initializing ProtocolHandler ["ajp-nio-127.0.0.1-8009"]
2025/02/09 08:28:44 INFO  [restartedMain] - Starting service [Tomcat]
2025/02/09 08:28:44 INFO  [restartedMain] - Starting Servlet engine: [Apache Tomcat/9.0.64]
2025/02/09 08:28:44 INFO  [restartedMain] - Initializing Spring embedded WebApplicationContext
2025/02/09 08:28:44 INFO  [restartedMain] - Root WebApplicationContext: initialization completed in 18545 ms
2025/02/09 08:28:44 INFO  [restartedMain] - HikariPool-1 - Starting...
2025/02/09 08:28:44 INFO  [restartedMain] - HikariPool-1 - Start completed.
2025/02/09 08:28:45 INFO  [restartedMain] - HHH000204: Processing PersistenceUnitInfo [name: default]
2025/02/09 08:28:45 INFO  [restartedMain] - HHH000412: Hibernate ORM core version 5.6.9.Final
2025/02/09 08:28:45 INFO  [restartedMain] - HCANN000001: Hibernate Commons Annotations {5.1.2.Final}
2025/02/09 08:28:45 INFO  [restartedMain] - HHH000400: Using dialect: org.hibernate.dialect.MySQL8Dialect
2025/02/09 08:28:45 INFO  [restartedMain] - HHH000490: Using JtaPlatform implementation: [org.hibernate.engine.transaction.jta.platform.internal.NoJtaPlatform]
2025/02/09 08:28:45 INFO  [restartedMain] - Initialized JPA EntityManagerFactory for persistence unit 'default'
2025/02/09 08:28:46 INFO  [restartedMain] - Will secure any request with [org.springframework.security.web.session.DisableEncodeUrlFilter@2ac43627, org.springframework.security.web.context.request.async.WebAsyncManagerIntegrationFilter@54caf876, org.springframework.security.web.context.SecurityContextPersistenceFilter@b7d0c38, org.springframework.security.web.header.HeaderWriterFilter@34c825ab, org.springframework.security.web.csrf.CsrfFilter@463ece9, org.springframework.security.web.authentication.logout.LogoutFilter@207e21f2, org.springframework.security.web.authentication.UsernamePasswordAuthenticationFilter@1413d6b, org.springframework.security.web.savedrequest.RequestCacheAwareFilter@5cc881b, org.springframework.security.web.servletapi.SecurityContextHolderAwareRequestFilter@2ec6f6dc, org.springframework.security.web.authentication.rememberme.RememberMeAuthenticationFilter@770f635d, org.springframework.security.web.authentication.AnonymousAuthenticationFilter@58537c39, org.springframework.security.web.session.SessionManagementFilter@45b8197b, org.springframework.security.web.access.ExceptionTranslationFilter@12cca424, org.springframework.security.web.access.intercept.AuthorizationFilter@2d9f1475]
2025/02/09 08:28:47 INFO  [restartedMain] - LiveReload server is running on port 35729
2025/02/09 08:28:47 INFO  [restartedMain] - Starting ProtocolHandler ["ajp-nio-127.0.0.1-8009"]
2025/02/09 08:28:47 INFO  [restartedMain] - Tomcat started on port(s): 8080 (http) 8009 (http) with context path '/aws-sample'
2025/02/09 08:28:47 INFO  [restartedMain] - Started AwsSampleApplication in 22.534 seconds (JVM running for 23.154)
2025/02/09 08:28:52 INFO  [RMI TCP Connection(2)-127.0.0.1] - Application shutdown requested.
2025/02/09 08:28:52 INFO  [RMI TCP Connection(2)-127.0.0.1] - Closing JPA EntityManagerFactory for persistence unit 'default'
2025/02/09 08:28:52 INFO  [RMI TCP Connection(2)-127.0.0.1] - HikariPool-1 - Shutdown initiated...
2025/02/09 08:28:52 INFO  [RMI TCP Connection(2)-127.0.0.1] - HikariPool-1 - Shutdown completed.
